[2021-05-19T09:55:56.469815+01:00] logger.WARNING: Authorization token was not provided {"sid":"9shgb2t9togbtpgqk84j89is2b"} []
[2021-05-19T09:55:56.472540+01:00] logger.WARNING: same {"sid":"9shgb2t9togbtpgqk84j89is2b"} []
[2021-05-19T09:56:13.120835+01:00] logger.WARNING: Authorization token was not provided {"sid":"9shgb2t9togbtpgqk84j89is2b"} []
[2021-05-19T09:56:36.035772+01:00] logger.WARNING: Wrong number of segments {"sid":"9shgb2t9togbtpgqk84j89is2b"} []
[2021-05-19T09:58:00.473656+01:00] logger.WARNING: Authorization token was not provided {"sid":"9shgb2t9togbtpgqk84j89is2b"} []
[2021-05-19T09:59:26.290945+01:00] logger.WARNING: Token Authentication Failed: Wrong number of segments {"sid":"9shgb2t9togbtpgqk84j89is2b"} []
[2021-05-19T09:59:34.408541+01:00] logger.WARNING: Token Authentication Failed: Wrong number of segments {"sid":"9shgb2t9togbtpgqk84j89is2b"} []
[2021-05-19T10:00:46.671446+01:00] logger.WARNING: Token Authentication Failed: Expired token {"sid":"9shgb2t9togbtpgqk84j89is2b"} []
[2021-05-19T10:03:05.713655+01:00] logger.WARNING: Token Authentication Failed: Expired token {"sid":"9shgb2t9togbtpgqk84j89is2b"} []
[2021-05-19T10:30:21.190800+01:00] logger.WARNING: Authorization token was not provided {"sid":"9shgb2t9togbtpgqk84j89is2b"} []
[2021-05-19T10:34:25.086993+01:00] logger.WARNING: Authorization token was not provided {"sid":"9shgb2t9togbtpgqk84j89is2b"} []
[2021-05-19T10:35:26.461843+01:00] logger.WARNING: Authorization token was not provided {"sid":"9shgb2t9togbtpgqk84j89is2b"} []
[2021-05-19T10:37:12.539911+01:00] logger.WARNING: Authorization token was not provided {"sid":"9shgb2t9togbtpgqk84j89is2b"} []
[2021-05-19T10:38:40.519242+01:00] logger.WARNING: Authorization token was not provided {"sid":"9shgb2t9togbtpgqk84j89is2b"} []
[2021-05-19T10:38:49.238547+01:00] logger.WARNING: Authorization token was not provided {"sid":"9shgb2t9togbtpgqk84j89is2b"} []
[2021-05-19T10:39:46.061553+01:00] logger.WARNING: Authorization token was not provided {"sid":"9shgb2t9togbtpgqk84j89is2b"} []
[2021-05-19T10:40:20.098046+01:00] logger.WARNING: Authorization token was not provided {"sid":"9shgb2t9togbtpgqk84j89is2b"} []
[2021-05-19T10:40:40.272315+01:00] logger.WARNING: Authorization token was not provided {"sid":"9shgb2t9togbtpgqk84j89is2b"} []
[2021-05-19T16:04:39.567585+01:00] logger.WARNING: Token Authentication Failed: Expired token {"sid":"9shgb2t9togbtpgqk84j89is2b"} []
[2021-05-19T16:05:27.706443+01:00] logger.WARNING: Token Authentication Failed: Expired token {"sid":"9shgb2t9togbtpgqk84j89is2b"} []
[2021-05-19T16:05:51.814055+01:00] logger.WARNING: Token Authentication Failed: Expired token {"sid":"9shgb2t9togbtpgqk84j89is2b"} []
[2021-05-19T16:06:02.922609+01:00] logger.WARNING: Token Authentication Failed: Expired token {"sid":"9shgb2t9togbtpgqk84j89is2b"} []
[2021-05-19T16:06:28.469787+01:00] logger.WARNING: Token Authentication Failed: Expired token {"sid":"9shgb2t9togbtpgqk84j89is2b"} []
[2021-05-19T17:00:02.002210+01:00] logger.WARNING: Authorization token was not provided {"sid":"0gguobfgkuh3b9js9v6b29smvi"} []
[2021-05-19T17:00:31.251522+01:00] logger.WARNING: Authorization token was not provided {"sid":"9shgb2t9togbtpgqk84j89is2b"} []
[2021-05-19T17:01:45.584252+01:00] logger.WARNING: Authorization token was not provided {"sid":"9shgb2t9togbtpgqk84j89is2b"} []
[2021-05-19T17:01:47.821030+01:00] logger.WARNING: Authorization token was not provided {"sid":"9shgb2t9togbtpgqk84j89is2b"} []
[2021-05-19T17:02:05.438615+01:00] logger.WARNING: Authorization token was not provided {"sid":"9shgb2t9togbtpgqk84j89is2b"} []
[2021-05-19T17:02:11.434300+01:00] logger.WARNING: Authorization token was not provided {"sid":"9shgb2t9togbtpgqk84j89is2b"} []
[2021-05-19T17:06:40.556293+01:00] logger.WARNING: Authorization token was not provided {"sid":"9shgb2t9togbtpgqk84j89is2b"} []
[2021-05-19T17:10:31.082441+01:00] logger.WARNING: Authorization token was not provided {"sid":"9shgb2t9togbtpgqk84j89is2b"} []
[2021-05-19T17:11:39.543848+01:00] logger.WARNING: Authorization token was not provided {"sid":"9shgb2t9togbtpgqk84j89is2b"} []
[2021-05-19T17:11:51.176056+01:00] logger.WARNING: Authorization token was not provided {"sid":"9shgb2t9togbtpgqk84j89is2b"} []
[2021-05-19T17:12:53.264210+01:00] logger.WARNING: Token Authentication Failed: Wrong number of segments {"sid":"9shgb2t9togbtpgqk84j89is2b"} []
[2021-05-20T10:08:37.986020+01:00] logger.WARNING: Token Authentication Failed: Wrong number of segments {"sid":"ar0s0fh9ut83ngufu1cttln7k3"} []
[2021-05-20T10:16:15.466450+01:00] logger.WARNING: Token Authentication Failed: Wrong number of segments {"sid":"ar0s0fh9ut83ngufu1cttln7k3"} []
[2021-05-20T10:17:19.514161+01:00] logger.WARNING: Token Authentication Failed: Wrong number of segments {"sid":"ar0s0fh9ut83ngufu1cttln7k3"} []
[2021-05-20T15:21:07.659015+01:00] logger.WARNING: Token Authentication Failed: Expired token {"sid":"ar0s0fh9ut83ngufu1cttln7k3"} []
[2021-05-20T22:52:10.454559+01:00] logger.WARNING: Token Authentication Failed: Expired token {"sid":"ar0s0fh9ut83ngufu1cttln7k3"} []
[2021-05-20T22:54:35.717976+01:00] logger.WARNING: Authorization token was not provided {"sid":"ar0s0fh9ut83ngufu1cttln7k3"} []
[2021-05-21T10:31:00.549213+01:00] logger.WARNING: Token Authentication Failed: Expired token {"sid":"vs3jhf66bfu0ru06pjl1b3b9gj"} []
[2021-05-21T10:32:23.519593+01:00] logger.WARNING: Failed to connect to database! {"sid":"vs3jhf66bfu0ru06pjl1b3b9gj"} []
[2021-05-21T10:37:00.310978+01:00] logger.WARNING: Failed to connect to database! {"sid":"vs3jhf66bfu0ru06pjl1b3b9gj"} []
[2021-05-21T10:37:08.155180+01:00] logger.WARNING: Failed to connect to database! {"sid":"vs3jhf66bfu0ru06pjl1b3b9gj"} []
[2021-05-21T10:37:26.633082+01:00] logger.WARNING: Failed to connect to database! {"sid":"vs3jhf66bfu0ru06pjl1b3b9gj"} []
[2021-05-21T10:38:27.136200+01:00] logger.WARNING: Failed to connect to database! {"sid":"vs3jhf66bfu0ru06pjl1b3b9gj"} []
[2021-05-21T10:39:50.363646+01:00] logger.WARNING: Failed to connect to database! {"sid":"vs3jhf66bfu0ru06pjl1b3b9gj"} []
[2021-05-21T10:39:57.712307+01:00] logger.WARNING: Failed to connect to database! {"sid":"vs3jhf66bfu0ru06pjl1b3b9gj"} []
[2021-05-21T10:40:46.957761+01:00] logger.WARNING: Failed to connect to database! {"sid":"vs3jhf66bfu0ru06pjl1b3b9gj"} []
[2021-05-21T10:40:58.142404+01:00] logger.WARNING: Failed to connect to database! {"sid":"vs3jhf66bfu0ru06pjl1b3b9gj"} []
[2021-05-21T10:41:17.514707+01:00] logger.WARNING: Failed to connect to database! {"sid":"vs3jhf66bfu0ru06pjl1b3b9gj"} []
[2021-05-21T10:41:25.698107+01:00] logger.WARNING: Failed to connect to database! {"sid":"vs3jhf66bfu0ru06pjl1b3b9gj"} []
[2021-05-21T10:42:29.250035+01:00] logger.WARNING: Failed to connect to database! {"sid":"vs3jhf66bfu0ru06pjl1b3b9gj"} []
[2021-05-21T10:42:35.241808+01:00] logger.WARNING: Failed to connect to database! {"sid":"vs3jhf66bfu0ru06pjl1b3b9gj"} []
[2021-05-21T10:43:13.665361+01:00] logger.WARNING: Failed to connect to database! {"sid":"vs3jhf66bfu0ru06pjl1b3b9gj"} []
[2021-05-21T10:43:57.706931+01:00] logger.WARNING: Failed to connect to database! {"sid":"vs3jhf66bfu0ru06pjl1b3b9gj"} []
[2021-05-21T10:44:04.787184+01:00] logger.WARNING: Failed to connect to database! {"sid":"vs3jhf66bfu0ru06pjl1b3b9gj"} []
[2021-05-21T10:45:38.273164+01:00] logger.WARNING: Failed to connect to database! {"sid":"vs3jhf66bfu0ru06pjl1b3b9gj"} []
[2021-05-21T10:45:45.938759+01:00] logger.WARNING: Failed to connect to database! {"sid":"vs3jhf66bfu0ru06pjl1b3b9gj"} []
[2021-05-21T10:46:33.212953+01:00] logger.WARNING: Failed to connect to database! {"sid":"vs3jhf66bfu0ru06pjl1b3b9gj"} []
[2021-05-21T10:46:44.259541+01:00] logger.WARNING: Failed to connect to database! {"sid":"vs3jhf66bfu0ru06pjl1b3b9gj"} []
[2021-05-21T10:47:00.020249+01:00] logger.WARNING: Failed to connect to database! {"sid":"vs3jhf66bfu0ru06pjl1b3b9gj"} []
[2021-05-21T10:47:27.651703+01:00] logger.WARNING: Failed to connect to database! {"sid":"vs3jhf66bfu0ru06pjl1b3b9gj"} []
[2021-05-21T10:48:07.712597+01:00] logger.WARNING: Failed to connect to database! {"sid":"vs3jhf66bfu0ru06pjl1b3b9gj"} []
[2021-05-21T10:48:12.081844+01:00] logger.WARNING: Failed to connect to database! {"sid":"vs3jhf66bfu0ru06pjl1b3b9gj"} []
[2021-05-21T10:48:32.403047+01:00] logger.WARNING: Failed to connect to database! {"sid":"vs3jhf66bfu0ru06pjl1b3b9gj"} []
[2021-05-21T10:48:57.013871+01:00] logger.WARNING: Failed to connect to database! {"sid":"vs3jhf66bfu0ru06pjl1b3b9gj"} []
[2021-05-21T10:49:06.063677+01:00] logger.WARNING: Failed to connect to database! {"sid":"vs3jhf66bfu0ru06pjl1b3b9gj"} []
[2021-05-21T10:49:23.869849+01:00] logger.WARNING: Failed to connect to database! {"sid":"vs3jhf66bfu0ru06pjl1b3b9gj"} []
[2021-05-21T10:49:40.914294+01:00] logger.WARNING: Failed to connect to database! {"sid":"vs3jhf66bfu0ru06pjl1b3b9gj"} []
[2021-05-21T10:49:51.043509+01:00] logger.WARNING: Failed to connect to database! {"sid":"vs3jhf66bfu0ru06pjl1b3b9gj"} []
[2021-05-21T10:50:00.547560+01:00] logger.WARNING: Failed to connect to database! {"sid":"vs3jhf66bfu0ru06pjl1b3b9gj"} []
[2021-05-21T10:50:17.660010+01:00] logger.WARNING: Failed to connect to database! {"sid":"vs3jhf66bfu0ru06pjl1b3b9gj"} []
[2021-05-21T12:56:02.180020+01:00] logger.WARNING: Failed to connect to database! {"sid":"vs3jhf66bfu0ru06pjl1b3b9gj"} []
[2021-05-21T12:58:54.223861+01:00] logger.WARNING: Failed to connect to database! {"sid":"vs3jhf66bfu0ru06pjl1b3b9gj"} []
[2021-05-21T12:59:04.547896+01:00] logger.WARNING: Failed to connect to database! {"sid":"vs3jhf66bfu0ru06pjl1b3b9gj"} []
[2021-05-21T12:59:59.436296+01:00] logger.WARNING: Failed to connect to database! {"sid":"vs3jhf66bfu0ru06pjl1b3b9gj"} []
[2021-05-21T13:00:06.585876+01:00] logger.WARNING: Failed to connect to database! {"sid":"vs3jhf66bfu0ru06pjl1b3b9gj"} []
[2021-05-21T13:05:42.357854+01:00] logger.WARNING: Failed to connect to database! {"sid":"vs3jhf66bfu0ru06pjl1b3b9gj"} []
[2021-05-21T13:05:49.526972+01:00] logger.WARNING: Failed to connect to database! {"sid":"vs3jhf66bfu0ru06pjl1b3b9gj"} []
[2021-05-21T13:07:01.441427+01:00] logger.WARNING: Failed to connect to database! {"sid":"vs3jhf66bfu0ru06pjl1b3b9gj"} []
[2021-05-21T13:07:10.114353+01:00] logger.WARNING: Failed to connect to database! {"sid":"vs3jhf66bfu0ru06pjl1b3b9gj"} []
[2021-05-21T13:07:39.132693+01:00] logger.WARNING: Failed to connect to database! {"sid":"vs3jhf66bfu0ru06pjl1b3b9gj"} []
[2021-05-21T13:07:52.402663+01:00] logger.WARNING: Failed to connect to database! {"sid":"vs3jhf66bfu0ru06pjl1b3b9gj"} []
[2021-05-21T13:10:10.753016+01:00] logger.WARNING: Failed to connect to database! {"sid":"vs3jhf66bfu0ru06pjl1b3b9gj"} []
[2021-05-21T13:15:44.471704+01:00] logger.WARNING: Failed to connect to database! {"sid":"vs3jhf66bfu0ru06pjl1b3b9gj"} []
[2021-05-21T13:15:55.258953+01:00] logger.WARNING: Failed to connect to database! {"sid":"vs3jhf66bfu0ru06pjl1b3b9gj"} []
[2021-05-21T13:31:11.279573+01:00] logger.WARNING: Failed to connect to database! {"sid":"vs3jhf66bfu0ru06pjl1b3b9gj"} []
[2021-05-21T13:34:21.831372+01:00] logger.WARNING: Failed to connect to database! {"sid":"vs3jhf66bfu0ru06pjl1b3b9gj"} []
[2021-05-21T16:14:19.853954+01:00] logger.WARNING: Token Authentication Failed:  {"sid":"vs3jhf66bfu0ru06pjl1b3b9gj"} []
[2021-05-21T16:14:36.460934+01:00] logger.WARNING: Token Authentication Failed:  {"sid":"vs3jhf66bfu0ru06pjl1b3b9gj"} []
[2021-05-21T16:15:08.928040+01:00] logger.WARNING: Token Authentication Failed:  {"sid":"vs3jhf66bfu0ru06pjl1b3b9gj"} []
[2021-05-21T16:15:45.690085+01:00] logger.WARNING: Token Authentication Failed:  {"sid":"vs3jhf66bfu0ru06pjl1b3b9gj"} []
[2021-05-21T16:18:33.739522+01:00] logger.WARNING: Token Authentication Failed: Wrong number of segments {"sid":"vs3jhf66bfu0ru06pjl1b3b9gj"} []
[2021-05-21T16:23:55.637177+01:00] logger.WARNING: Token Authentication Failed: Wrong number of segments {"sid":"vs3jhf66bfu0ru06pjl1b3b9gj"} []
[2021-05-21T16:25:15.480586+01:00] logger.WARNING: Failed to connect to database! {"sid":"vs3jhf66bfu0ru06pjl1b3b9gj"} []
[2021-05-21T16:25:29.428806+01:00] logger.WARNING: Failed to connect to database! {"sid":"vs3jhf66bfu0ru06pjl1b3b9gj"} []
[2021-05-21T16:42:50.973682+01:00] logger.WARNING: Token Authentication Failed: Wrong number of segments {"sid":"vs3jhf66bfu0ru06pjl1b3b9gj"} []
[2021-05-21T16:43:49.235448+01:00] logger.WARNING: Token Authentication Failed: Wrong number of segments {"sid":"vs3jhf66bfu0ru06pjl1b3b9gj"} []
[2021-05-21T16:44:33.654168+01:00] logger.WARNING: Token Authentication Failed: Wrong number of segments {"sid":"vs3jhf66bfu0ru06pjl1b3b9gj"} []
[2021-05-21T16:44:53.008481+01:00] logger.WARNING: Failed to connect to database! {"sid":"vs3jhf66bfu0ru06pjl1b3b9gj"} []
[2021-05-21T17:54:54.385317+01:00] logger.WARNING: Token Authentication Failed: The message was truncated {"sid":"vs3jhf66bfu0ru06pjl1b3b9gj"} []
[2021-05-21T17:56:25.158715+01:00] logger.WARNING: Token Authentication Failed: The message was truncated {"sid":"vs3jhf66bfu0ru06pjl1b3b9gj"} []
[2021-05-21T17:59:43.459601+01:00] logger.WARNING: Failed to connect to database! {"sid":"vs3jhf66bfu0ru06pjl1b3b9gj"} []
[2021-05-21T18:37:01.998506+01:00] logger.WARNING: Token Authentication Failed: The message was truncated {"sid":"9kgp571ip25p3do0s7vsbrr8hv"} []
[2021-05-21T18:37:16.611873+01:00] logger.WARNING: Authorization token was not provided {"sid":"9kgp571ip25p3do0s7vsbrr8hv"} []
[2021-05-21T23:18:59.612270+01:00] logger.WARNING: Token Authentication Failed: Expired token {"sid":"9kgp571ip25p3do0s7vsbrr8hv"} []
[2021-05-24T22:16:58.629115+01:00] logger.WARNING: Token Authentication Failed: Expired token {"sid":"d74qhli7iccuhkm15t0edd6lji"} []
[2021-06-03T12:37:05.474458+01:00] logger.WARNING: Token Authentication Failed: Expired token {"sid":"gej73p3bgrbasemujcm50qnk3b"} []
[2021-06-07T11:16:33.987573+01:00] logger.WARNING: Token Authentication Failed: Expired token {"sid":"s6ffv511n8qp220a9qleldeeft"} []
[2021-06-07T13:18:37.954396+01:00] logger.WARNING: Failed to connect to database! {"sid":"s6ffv511n8qp220a9qleldeeft"} []
[2021-06-07T13:19:28.598982+01:00] logger.WARNING: Failed to connect to database! {"sid":"s6ffv511n8qp220a9qleldeeft"} []
[2021-06-07T13:19:48.811544+01:00] logger.WARNING: Failed to connect to database! {"sid":"s6ffv511n8qp220a9qleldeeft"} []
[2021-06-07T13:20:05.759147+01:00] logger.WARNING: Failed to connect to database! {"sid":"s6ffv511n8qp220a9qleldeeft"} []
[2021-06-07T13:50:01.565923+01:00] logger.WARNING: Authorization token was not provided {"sid":"s6ffv511n8qp220a9qleldeeft"} []
[2021-06-07T13:50:49.899470+01:00] logger.WARNING: Authorization token was not provided {"sid":"s6ffv511n8qp220a9qleldeeft"} []
[2021-06-07T13:51:13.542737+01:00] logger.WARNING: Authorization token was not provided {"sid":"s6ffv511n8qp220a9qleldeeft"} []
[2021-06-07T13:51:53.560586+01:00] logger.WARNING: Authorization token was not provided {"sid":"s6ffv511n8qp220a9qleldeeft"} []
[2021-06-07T13:51:56.299611+01:00] logger.WARNING: Authorization token was not provided {"sid":"s6ffv511n8qp220a9qleldeeft"} []
[2021-06-07T13:51:56.632565+01:00] logger.WARNING: Authorization token was not provided {"sid":"s6ffv511n8qp220a9qleldeeft"} []
[2021-06-07T13:52:29.514794+01:00] logger.WARNING: Authorization token was not provided {"sid":"s6ffv511n8qp220a9qleldeeft"} []
[2021-06-07T13:53:29.966970+01:00] logger.WARNING: Authorization token was not provided {"sid":"s6ffv511n8qp220a9qleldeeft"} []
[2021-06-07T13:54:05.775620+01:00] logger.WARNING: Authorization token was not provided {"sid":"s6ffv511n8qp220a9qleldeeft"} []
[2021-06-07T13:54:12.053092+01:00] logger.WARNING: Authorization token was not provided {"sid":"s6ffv511n8qp220a9qleldeeft"} []
[2021-06-07T13:54:21.640447+01:00] logger.WARNING: Authorization token was not provided {"sid":"s6ffv511n8qp220a9qleldeeft"} []
[2021-06-07T13:54:53.517982+01:00] logger.WARNING: Authorization token was not provided {"sid":"s6ffv511n8qp220a9qleldeeft"} []
[2021-06-07T13:55:20.429034+01:00] logger.WARNING: Authorization token was not provided {"sid":"s6ffv511n8qp220a9qleldeeft"} []
[2021-06-07T13:55:50.577689+01:00] logger.WARNING: Authorization token was not provided {"sid":"s6ffv511n8qp220a9qleldeeft"} []
[2021-06-07T13:56:16.487404+01:00] logger.WARNING: Authorization token was not provided {"sid":"s6ffv511n8qp220a9qleldeeft"} []
[2021-06-07T13:56:46.468724+01:00] logger.WARNING: Authorization token was not provided {"sid":"s6ffv511n8qp220a9qleldeeft"} []
[2021-06-07T13:57:00.815829+01:00] logger.WARNING: Authorization token was not provided {"sid":"s6ffv511n8qp220a9qleldeeft"} []
[2021-06-07T13:58:15.161745+01:00] logger.WARNING: Authorization token was not provided {"sid":"s6ffv511n8qp220a9qleldeeft"} []
[2021-06-07T13:58:29.038203+01:00] logger.WARNING: Authorization token was not provided {"sid":"s6ffv511n8qp220a9qleldeeft"} []
[2021-06-07T14:16:24.140737+01:00] logger.WARNING: Authorization token was not provided {"sid":"s6ffv511n8qp220a9qleldeeft"} []
[2021-06-07T14:16:42.326683+01:00] logger.WARNING: Authorization token was not provided {"sid":"s6ffv511n8qp220a9qleldeeft"} []
[2021-06-08T18:10:02.395014+01:00] logger.WARNING: Authorization token was not provided {"sid":"qlkf57a5cl3e7i6bj0fad68b4u"} []
[2021-06-08T18:10:27.004210+01:00] logger.WARNING: Authorization token was not provided {"sid":"qlkf57a5cl3e7i6bj0fad68b4u"} []
[2021-06-08T18:10:50.877052+01:00] logger.WARNING: Authorization token was not provided {"sid":"qlkf57a5cl3e7i6bj0fad68b4u"} []
[2021-06-08T18:10:57.814030+01:00] logger.WARNING: Authorization token was not provided {"sid":"qlkf57a5cl3e7i6bj0fad68b4u"} []
[2021-06-08T18:14:28.975397+01:00] logger.WARNING: Authorization token was not provided {"sid":"qlkf57a5cl3e7i6bj0fad68b4u"} []
[2021-06-08T18:14:47.913845+01:00] logger.WARNING: Authorization token was not provided {"sid":"qlkf57a5cl3e7i6bj0fad68b4u"} []
[2021-06-08T18:26:53.801838+01:00] logger.WARNING: Authorization token was not provided {"sid":"qlkf57a5cl3e7i6bj0fad68b4u"} []
[2021-06-08T18:27:15.539154+01:00] logger.WARNING: Authorization token was not provided {"sid":"qlkf57a5cl3e7i6bj0fad68b4u"} []
[2021-06-08T18:32:41.478693+01:00] logger.WARNING: Authorization token was not provided {"sid":"qlkf57a5cl3e7i6bj0fad68b4u"} []
[2021-06-08T18:32:44.192984+01:00] logger.WARNING: Authorization token was not provided {"sid":"qlkf57a5cl3e7i6bj0fad68b4u"} []
[2021-06-08T19:15:38.620282+01:00] logger.WARNING: Authorization token was not provided {"sid":"qlkf57a5cl3e7i6bj0fad68b4u"} []
[2021-06-08T19:16:59.486284+01:00] logger.WARNING: Authorization token was not provided {"sid":"qlkf57a5cl3e7i6bj0fad68b4u"} []
[2021-06-08T19:17:42.820368+01:00] logger.WARNING: Token Authentication Failed: Wrong number of segments {"sid":"qlkf57a5cl3e7i6bj0fad68b4u"} []
[2021-06-08T19:48:54.038024+01:00] logger.WARNING: Authorization token was not provided {"sid":"qlkf57a5cl3e7i6bj0fad68b4u"} []
[2021-06-08T19:49:06.228848+01:00] logger.WARNING: Authorization token was not provided {"sid":"qlkf57a5cl3e7i6bj0fad68b4u"} []
[2021-06-08T19:49:15.390726+01:00] logger.WARNING: Authorization token was not provided {"sid":"qlkf57a5cl3e7i6bj0fad68b4u"} []
[2021-06-08T20:47:24.659791+01:00] logger.WARNING: Token Authentication Failed: Malformed UTF-8 characters {"sid":"qlkf57a5cl3e7i6bj0fad68b4u"} []
[2021-06-09T22:07:31.242951+01:00] logger.WARNING: Token Authentication Failed: Expired token {"sid":"04cnbgtb4e18juerugolg7jv65"} []
[2021-06-09T22:10:27.881268+01:00] logger.WARNING: Authorization token was not provided {"sid":"04cnbgtb4e18juerugolg7jv65"} []
[2021-06-09T22:22:58.393198+01:00] logger.WARNING: Authorization token was not provided {"sid":"04cnbgtb4e18juerugolg7jv65"} []
[2021-06-09T22:23:16.373306+01:00] logger.WARNING: Authorization token was not provided {"sid":"04cnbgtb4e18juerugolg7jv65"} []
[2021-06-09T22:24:07.648246+01:00] logger.WARNING: Authorization token was not provided {"sid":"04cnbgtb4e18juerugolg7jv65"} []
[2021-06-09T22:29:37.115532+01:00] logger.WARNING: Authorization token was not provided {"sid":"04cnbgtb4e18juerugolg7jv65"} []
[2021-06-09T22:38:42.448942+01:00] logger.WARNING: Authorization token was not provided {"sid":"04cnbgtb4e18juerugolg7jv65"} []
[2021-06-09T22:39:13.137548+01:00] logger.WARNING: Authorization token was not provided {"sid":"04cnbgtb4e18juerugolg7jv65"} []
[2021-06-09T22:39:24.367753+01:00] logger.WARNING: Authorization token was not provided {"sid":"04cnbgtb4e18juerugolg7jv65"} []
[2021-06-09T22:40:33.380803+01:00] logger.WARNING: Authorization token was not provided {"sid":"04cnbgtb4e18juerugolg7jv65"} []
[2021-06-09T22:40:55.731310+01:00] logger.WARNING: Authorization token was not provided {"sid":"04cnbgtb4e18juerugolg7jv65"} []
[2021-06-09T22:41:38.520237+01:00] logger.WARNING: Authorization token was not provided {"sid":"04cnbgtb4e18juerugolg7jv65"} []
[2021-06-09T22:41:39.764078+01:00] logger.WARNING: Authorization token was not provided {"sid":"04cnbgtb4e18juerugolg7jv65"} []
[2021-06-09T22:41:44.217001+01:00] logger.WARNING: Authorization token was not provided {"sid":"04cnbgtb4e18juerugolg7jv65"} []
[2021-06-09T22:41:52.648257+01:00] logger.WARNING: Authorization token was not provided {"sid":"04cnbgtb4e18juerugolg7jv65"} []
[2021-06-09T22:41:53.281238+01:00] logger.WARNING: Authorization token was not provided {"sid":"04cnbgtb4e18juerugolg7jv65"} []
[2021-06-09T22:42:00.247426+01:00] logger.WARNING: Authorization token was not provided {"sid":"04cnbgtb4e18juerugolg7jv65"} []
[2021-06-09T22:42:01.286414+01:00] logger.WARNING: Authorization token was not provided {"sid":"04cnbgtb4e18juerugolg7jv65"} []
[2021-06-09T22:42:19.013817+01:00] logger.WARNING: Authorization token was not provided {"sid":"04cnbgtb4e18juerugolg7jv65"} []
[2021-06-09T22:42:49.546617+01:00] logger.WARNING: Authorization token was not provided {"sid":"04cnbgtb4e18juerugolg7jv65"} []
[2021-06-09T22:43:03.358825+01:00] logger.WARNING: Authorization token was not provided {"sid":"04cnbgtb4e18juerugolg7jv65"} []
[2021-06-09T22:43:21.721168+01:00] logger.WARNING: Authorization token was not provided {"sid":"04cnbgtb4e18juerugolg7jv65"} []
[2021-06-09T22:43:32.578241+01:00] logger.WARNING: Authorization token was not provided {"sid":"04cnbgtb4e18juerugolg7jv65"} []
[2021-06-09T22:49:07.472535+01:00] logger.WARNING: Authorization token was not provided {"sid":"04cnbgtb4e18juerugolg7jv65"} []
[2021-06-09T22:49:24.223608+01:00] logger.WARNING: Authorization token was not provided {"sid":"04cnbgtb4e18juerugolg7jv65"} []
[2021-06-09T22:50:26.714053+01:00] logger.WARNING: Authorization token was not provided {"sid":"04cnbgtb4e18juerugolg7jv65"} []
